2023-08-01 08:26:50.765 DEBUG 10860 --- [restartedMain] o.s.w.c.s.StandardServletEnvironment     : Adding PropertySource 'configurationProperties' with highest search precedence
2023-08-01 08:26:50.823 DEBUG 10860 --- [restartedMain] o.s.w.c.s.StandardServletEnvironment     : Adding PropertySource 'servletConfigInitParams' with lowest search precedence
2023-08-01 08:26:50.823 DEBUG 10860 --- [restartedMain] o.s.w.c.s.StandardServletEnvironment     : Adding PropertySource 'servletContextInitParams' with lowest search precedence
2023-08-01 08:26:50.823 DEBUG 10860 --- [restartedMain] o.s.w.c.s.StandardServletEnvironment     : Adding PropertySource 'systemProperties' with lowest search precedence
2023-08-01 08:26:50.824 DEBUG 10860 --- [restartedMain] o.s.w.c.s.StandardServletEnvironment     : Adding PropertySource 'systemEnvironment' with lowest search precedence
2023-08-01 08:26:50.824 DEBUG 10860 --- [restartedMain] o.s.w.c.s.StandardServletEnvironment     : Initialized StandardServletEnvironment with PropertySources [StubPropertySource {name='servletConfigInitParams'}, StubPropertySource {name='servletContextInitParams'}, MapPropertySource {name='systemProperties'}, SystemEnvironmentPropertySource {name='systemEnvironment'}]
2023-08-01 08:26:50.892  INFO 10860 --- [restartedMain] c.anily.petclinic.PetClinicApplication   : Starting PetClinicApplication on DESKTOP-QUCV40A with PID 10860 (D:\sts_workspace\petclinic\petclinic\target\classes started by anily in D:\sts_workspace\petclinic\petclinic)
2023-08-01 08:26:50.893  INFO 10860 --- [restartedMain] c.anily.petclinic.PetClinicApplication   : The following profiles are active: dev
2023-08-01 08:26:50.956  INFO 10860 --- [restartedMain] ConfigServletWebServerApplicationContext : Refreshing org.springframework.boot.web.servlet.context.AnnotationConfigServletWebServerApplicationContext@fd45c0: startup date [Tue Aug 01 08:26:50 TRT 2023]; root of context hierarchy
2023-08-01 08:26:52.158 DEBUG 10860 --- [restartedMain] o.s.w.c.s.StandardServletEnvironment     : Removing PropertySource 'defaultProperties'
2023-08-01 08:26:52.545  INFO 10860 --- [restartedMain] o.s.b.w.embedded.tomcat.TomcatWebServer  : Tomcat initialized with port(s): 8080 (http)
2023-08-01 08:26:52.576  INFO 10860 --- [restartedMain] o.apache.catalina.core.StandardService   : Starting service [Tomcat]
2023-08-01 08:26:52.577  INFO 10860 --- [restartedMain] org.apache.catalina.core.StandardEngine  : Starting Servlet Engine: Apache Tomcat/8.5.28
2023-08-01 08:26:52.587  INFO 10860 --- [localhost-startStop-1] o.a.catalina.core.AprLifecycleListener   : The APR based Apache Tomcat Native library which allows optimal performance in production environments was not found on the java.library.path: [D:\STS\plugins\org.eclipse.justj.openjdk.hotspot.jre.full.win32.x86_64_17.0.3.v20220515-1416\jre\bin;C:\Windows\Sun\Java\bin;C:\Windows\system32;C:\Windows;D:/STS//plugins/org.eclipse.justj.openjdk.hotspot.jre.full.win32.x86_64_17.0.3.v20220515-1416/jre/bin/server;D:/STS//plugins/org.eclipse.justj.openjdk.hotspot.jre.full.win32.x86_64_17.0.3.v20220515-1416/jre/bin;C:\Program Files\Common Files\Oracle\Java\javapath;C:\Windows\system32;C:\Windows;C:\Windows\System32\Wbem;C:\Windows\System32\WindowsPowerShell\v1.0\;C:\Windows\System32\OpenSSH\;C:\Program Files\Docker\Docker\resources\bin;C:\Program Files\Git\cmd;C:\Users\anily\AppData\Local\Programs\Python\Python310\Scripts\;C:\Users\anily\AppData\Local\Programs\Python\Python310\;C:\Users\anily\AppData\Local\Microsoft\WindowsApps;;C:\Program Files\JetBrains\IntelliJ IDEA 2023.1\bin;;D:\STS;;.]
2023-08-01 08:26:52.678  INFO 10860 --- [localhost-startStop-1] o.a.c.c.C.[Tomcat].[localhost].[/]       : Initializing Spring embedded WebApplicationContext
2023-08-01 08:26:52.679 DEBUG 10860 --- [localhost-startStop-1] o.s.web.context.ContextLoader            : Published root WebApplicationContext as ServletContext attribute with name [org.springframework.web.context.WebApplicationContext.ROOT]
2023-08-01 08:26:52.680  INFO 10860 --- [localhost-startStop-1] o.s.web.context.ContextLoader            : Root WebApplicationContext: initialization completed in 1724 ms
2023-08-01 08:26:53.333  INFO 10860 --- [localhost-startStop-1] o.s.b.w.servlet.ServletRegistrationBean  : Servlet dispatcherServlet mapped to [/]
2023-08-01 08:26:53.337  INFO 10860 --- [localhost-startStop-1] o.s.b.w.servlet.FilterRegistrationBean   : Mapping filter: 'characterEncodingFilter' to: [/*]
2023-08-01 08:26:53.338  INFO 10860 --- [localhost-startStop-1] o.s.b.w.servlet.FilterRegistrationBean   : Mapping filter: 'hiddenHttpMethodFilter' to: [/*]
2023-08-01 08:26:53.338  INFO 10860 --- [localhost-startStop-1] o.s.b.w.servlet.FilterRegistrationBean   : Mapping filter: 'httpPutFormContentFilter' to: [/*]
2023-08-01 08:26:53.338  INFO 10860 --- [localhost-startStop-1] o.s.b.w.servlet.FilterRegistrationBean   : Mapping filter: 'requestContextFilter' to: [/*]
2023-08-01 08:26:53.338  INFO 10860 --- [localhost-startStop-1] o.s.b.w.servlet.FilterRegistrationBean   : Mapping filter: 'httpTraceFilter' to: [/*]
2023-08-01 08:26:53.339  INFO 10860 --- [localhost-startStop-1] o.s.b.w.servlet.FilterRegistrationBean   : Mapping filter: 'webMvcMetricsFilter' to: [/*]
2023-08-01 08:26:53.364 DEBUG 10860 --- [restartedMain] o.s.w.c.s.StandardServletEnvironment     : Replacing PropertySource 'servletContextInitParams' with 'servletContextInitParams'
2023-08-01 08:26:53.597  INFO 10860 --- [restartedMain] s.w.s.m.m.a.RequestMappingHandlerAdapter : Looking for @ControllerAdvice: org.springframework.boot.web.servlet.context.AnnotationConfigServletWebServerApplicationContext@fd45c0: startup date [Tue Aug 01 08:26:50 TRT 2023]; root of context hierarchy
2023-08-01 08:26:53.653 DEBUG 10860 --- [restartedMain] s.w.s.m.m.a.RequestMappingHandlerMapping : Looking for request mappings in application context: org.springframework.boot.web.servlet.context.AnnotationConfigServletWebServerApplicationContext@fd45c0: startup date [Tue Aug 01 08:26:50 TRT 2023]; root of context hierarchy
2023-08-01 08:26:53.665 DEBUG 10860 --- [restartedMain] s.w.s.m.m.a.RequestMappingHandlerMapping : 2 request handler methods found on class org.springframework.boot.autoconfigure.web.servlet.error.BasicErrorController: {public org.springframework.http.ResponseEntity org.springframework.boot.autoconfigure.web.servlet.error.BasicErrorController.error(javax.servlet.http.HttpServletRequest)={[/error]}, public org.springframework.web.servlet.ModelAndView org.springframework.boot.autoconfigure.web.servlet.error.BasicErrorController.errorHtml(javax.servlet.http.HttpServletRequest,javax.servlet.http.HttpServletResponse)={[/error],produces=[text/html]}}
2023-08-01 08:26:53.666  INFO 10860 --- [restartedMain] s.w.s.m.m.a.RequestMappingHandlerMapping : Mapped "{[/error]}" onto public org.springframework.http.ResponseEntity<java.util.Map<java.lang.String, java.lang.Object>> org.springframework.boot.autoconfigure.web.servlet.error.BasicErrorController.error(javax.servlet.http.HttpServletRequest)
2023-08-01 08:26:53.666  INFO 10860 --- [restartedMain] s.w.s.m.m.a.RequestMappingHandlerMapping : Mapped "{[/error],produces=[text/html]}" onto public org.springframework.web.servlet.ModelAndView org.springframework.boot.autoconfigure.web.servlet.error.BasicErrorController.errorHtml(javax.servlet.http.HttpServletRequest,javax.servlet.http.HttpServletResponse)
2023-08-01 08:26:53.686 DEBUG 10860 --- [restartedMain] o.s.w.s.h.BeanNameUrlHandlerMapping      : Looking for URL mappings in application context: org.springframework.boot.web.servlet.context.AnnotationConfigServletWebServerApplicationContext@fd45c0: startup date [Tue Aug 01 08:26:50 TRT 2023]; root of context hierarchy
2023-08-01 08:26:53.686 DEBUG 10860 --- [restartedMain] o.s.w.s.h.BeanNameUrlHandlerMapping      : Rejected bean name 'org.springframework.context.annotation.internalConfigurationAnnotationProcessor': no URL paths identified
2023-08-01 08:26:53.686 DEBUG 10860 --- [restartedMain] o.s.w.s.h.BeanNameUrlHandlerMapping      : Rejected bean name 'org.springframework.context.annotation.internalAutowiredAnnotationProcessor': no URL paths identified
2023-08-01 08:26:53.686 DEBUG 10860 --- [restartedMain] o.s.w.s.h.BeanNameUrlHandlerMapping      : Rejected bean name 'org.springframework.context.annotation.internalRequiredAnnotationProcessor': no URL paths identified
2023-08-01 08:26:53.686 DEBUG 10860 --- [restartedMain] o.s.w.s.h.BeanNameUrlHandlerMapping      : Rejected bean name 'org.springframework.context.annotation.internalCommonAnnotationProcessor': no URL paths identified
2023-08-01 08:26:53.687 DEBUG 10860 --- [restartedMain] o.s.w.s.h.BeanNameUrlHandlerMapping      : Rejected bean name 'org.springframework.context.event.internalEventListenerProcessor': no URL paths identified
2023-08-01 08:26:53.687 DEBUG 10860 --- [restartedMain] o.s.w.s.h.BeanNameUrlHandlerMapping      : Rejected bean name 'org.springframework.context.event.internalEventListenerFactory': no URL paths identified
2023-08-01 08:26:53.687 DEBUG 10860 --- [restartedMain] o.s.w.s.h.BeanNameUrlHandlerMapping      : Rejected bean name 'petClinicApplication': no URL paths identified
2023-08-01 08:26:53.687 DEBUG 10860 --- [restartedMain] o.s.w.s.h.BeanNameUrlHandlerMapping      : Rejected bean name 'org.springframework.boot.autoconfigure.internalCachingMetadataReaderFactory': no URL paths identified
2023-08-01 08:26:53.687 DEBUG 10860 --- [restartedMain] o.s.w.s.h.BeanNameUrlHandlerMapping      : Rejected bean name 'ownerRepositoryInMemoryImpl': no URL paths identified
2023-08-01 08:26:53.688 DEBUG 10860 --- [restartedMain] o.s.w.s.h.BeanNameUrlHandlerMapping      : Rejected bean name 'petClinicConfiguration': no URL paths identified
2023-08-01 08:26:53.688 DEBUG 10860 --- [restartedMain] o.s.w.s.h.BeanNameUrlHandlerMapping      : Rejected bean name 'petClinicServiceImpl': no URL paths identified
2023-08-01 08:26:53.688 DEBUG 10860 --- [restartedMain] o.s.w.s.h.BeanNameUrlHandlerMapping      : Rejected bean name 'org.springframework.boot.autoconfigure.AutoConfigurationPackages': no URL paths identified
2023-08-01 08:26:53.688 DEBUG 10860 --- [restartedMain] o.s.w.s.h.BeanNameUrlHandlerMapping      : Rejected bean name 'petclinic-com.anily.petclinic.PetClinicProperties': no URL paths identified
2023-08-01 08:26:53.688 DEBUG 10860 --- [restartedMain] o.s.w.s.h.BeanNameUrlHandlerMapping      : Rejected bean name 'org.springframework.boot.context.properties.ConfigurationPropertiesBindingPostProcessor': no URL paths identified
2023-08-01 08:26:53.688 DEBUG 10860 --- [restartedMain] o.s.w.s.h.BeanNameUrlHandlerMapping      : Rejected bean name 'org.springframework.boot.context.properties.ConfigurationBeanFactoryMetadata': no URL paths identified
2023-08-01 08:26:53.688 DEBUG 10860 --- [restartedMain] o.s.w.s.h.BeanNameUrlHandlerMapping      : Rejected bean name 'org.springframework.boot.autoconfigure.context.PropertyPlaceholderAutoConfiguration': no URL paths identified
2023-08-01 08:26:53.688 DEBUG 10860 --- [restartedMain] o.s.w.s.h.BeanNameUrlHandlerMapping      : Rejected bean name 'org.springframework.boot.autoconfigure.condition.BeanTypeRegistry': no URL paths identified
2023-08-01 08:26:53.688 DEBUG 10860 --- [restartedMain] o.s.w.s.h.BeanNameUrlHandlerMapping      : Rejected bean name 'propertySourcesPlaceholderConfigurer': no URL paths identified
2023-08-01 08:26:53.688 DEBUG 10860 --- [restartedMain] o.s.w.s.h.BeanNameUrlHandlerMapping      : Rejected bean name 'org.springframework.boot.autoconfigure.jackson.JacksonAutoConfiguration$Jackson2ObjectMapperBuilderCustomizerConfiguration': no URL paths identified
2023-08-01 08:26:53.688 DEBUG 10860 --- [restartedMain] o.s.w.s.h.BeanNameUrlHandlerMapping      : Rejected bean name 'standardJacksonObjectMapperBuilderCustomizer': no URL paths identified
2023-08-01 08:26:53.689 DEBUG 10860 --- [restartedMain] o.s.w.s.h.BeanNameUrlHandlerMapping      : Rejected bean name 'spring.jackson-org.springframework.boot.autoconfigure.jackson.JacksonProperties': no URL paths identified
2023-08-01 08:26:53.689 DEBUG 10860 --- [restartedMain] o.s.w.s.h.BeanNameUrlHandlerMapping      : Rejected bean name 'org.springframework.boot.autoconfigure.jackson.JacksonAutoConfiguration$JacksonObjectMapperBuilderConfiguration': no URL paths identified
2023-08-01 08:26:53.689 DEBUG 10860 --- [restartedMain] o.s.w.s.h.BeanNameUrlHandlerMapping      : Rejected bean name 'jacksonObjectMapperBuilder': no URL paths identified
2023-08-01 08:26:53.689 DEBUG 10860 --- [restartedMain] o.s.w.s.h.BeanNameUrlHandlerMapping      : Rejected bean name 'org.springframework.boot.autoconfigure.jackson.JacksonAutoConfiguration$ParameterNamesModuleConfiguration': no URL paths identified
2023-08-01 08:26:53.689 DEBUG 10860 --- [restartedMain] o.s.w.s.h.BeanNameUrlHandlerMapping      : Rejected bean name 'parameterNamesModule': no URL paths identified
2023-08-01 08:26:53.689 DEBUG 10860 --- [restartedMain] o.s.w.s.h.BeanNameUrlHandlerMapping      : Rejected bean name 'org.springframework.boot.autoconfigure.jackson.JacksonAutoConfiguration$JacksonObjectMapperConfiguration': no URL paths identified
2023-08-01 08:26:53.689 DEBUG 10860 --- [restartedMain] o.s.w.s.h.BeanNameUrlHandlerMapping      : Rejected bean name 'jacksonObjectMapper': no URL paths identified
2023-08-01 08:26:53.689 DEBUG 10860 --- [restartedMain] o.s.w.s.h.BeanNameUrlHandlerMapping      : Rejected bean name 'org.springframework.boot.autoconfigure.jackson.JacksonAutoConfiguration': no URL paths identified
2023-08-01 08:26:53.689 DEBUG 10860 --- [restartedMain] o.s.w.s.h.BeanNameUrlHandlerMapping      : Rejected bean name 'jsonComponentModule': no URL paths identified
2023-08-01 08:26:53.690 DEBUG 10860 --- [restartedMain] o.s.w.s.h.BeanNameUrlHandlerMapping      : Rejected bean name 'org.springframework.boot.autoconfigure.websocket.servlet.WebSocketServletAutoConfiguration$TomcatWebSocketConfiguration': no URL paths identified
2023-08-01 08:26:53.690 DEBUG 10860 --- [restartedMain] o.s.w.s.h.BeanNameUrlHandlerMapping      : Rejected bean name 'websocketContainerCustomizer': no URL paths identified
2023-08-01 08:26:53.690 DEBUG 10860 --- [restartedMain] o.s.w.s.h.BeanNameUrlHandlerMapping      : Rejected bean name 'org.springframework.boot.autoconfigure.websocket.servlet.WebSocketServletAutoConfiguration': no URL paths identified
2023-08-01 08:26:53.690 DEBUG 10860 --- [restartedMain] o.s.w.s.h.BeanNameUrlHandlerMapping      : Rejected bean name 'org.springframework.boot.autoconfigure.web.servlet.ServletWebServerFactoryConfiguration$EmbeddedTomcat': no URL paths identified
2023-08-01 08:26:53.690 DEBUG 10860 --- [restartedMain] o.s.w.s.h.BeanNameUrlHandlerMapping      : Rejected bean name 'tomcatServletWebServerFactory': no URL paths identified
2023-08-01 08:26:53.690 DEBUG 10860 --- [restartedMain] o.s.w.s.h.BeanNameUrlHandlerMapping      : Rejected bean name 'org.springframework.boot.autoconfigure.web.servlet.ServletWebServerFactoryAutoConfiguration': no URL paths identified
2023-08-01 08:26:53.690 DEBUG 10860 --- [restartedMain] o.s.w.s.h.BeanNameUrlHandlerMapping      : Rejected bean name 'servletWebServerFactoryCustomizer': no URL paths identified
2023-08-01 08:26:53.690 DEBUG 10860 --- [restartedMain] o.s.w.s.h.BeanNameUrlHandlerMapping      : Rejected bean name 'tomcatServletWebServerFactoryCustomizer': no URL paths identified
2023-08-01 08:26:53.690 DEBUG 10860 --- [restartedMain] o.s.w.s.h.BeanNameUrlHandlerMapping      : Rejected bean name 'server-org.springframework.boot.autoconfigure.web.ServerProperties': no URL paths identified
2023-08-01 08:26:53.691 DEBUG 10860 --- [restartedMain] o.s.w.s.h.BeanNameUrlHandlerMapping      : Rejected bean name 'webServerFactoryCustomizerBeanPostProcessor': no URL paths identified
2023-08-01 08:26:53.691 DEBUG 10860 --- [restartedMain] o.s.w.s.h.BeanNameUrlHandlerMapping      : Rejected bean name 'errorPageRegistrarBeanPostProcessor': no URL paths identified
2023-08-01 08:26:53.691 DEBUG 10860 --- [restartedMain] o.s.w.s.h.BeanNameUrlHandlerMapping      : Rejected bean name 'org.springframework.boot.autoconfigure.web.servlet.DispatcherServletAutoConfiguration$DispatcherServletConfiguration': no URL paths identified
2023-08-01 08:26:53.691 DEBUG 10860 --- [restartedMain] o.s.w.s.h.BeanNameUrlHandlerMapping      : Rejected bean name 'dispatcherServlet': no URL paths identified
2023-08-01 08:26:53.691 DEBUG 10860 --- [restartedMain] o.s.w.s.h.BeanNameUrlHandlerMapping      : Rejected bean name 'spring.mvc-org.springframework.boot.autoconfigure.web.servlet.WebMvcProperties': no URL paths identified
2023-08-01 08:26:53.691 DEBUG 10860 --- [restartedMain] o.s.w.s.h.BeanNameUrlHandlerMapping      : Rejected bean name 'org.springframework.boot.autoconfigure.web.servlet.DispatcherServletAutoConfiguration$DispatcherServletRegistrationConfiguration': no URL paths identified
2023-08-01 08:26:53.691 DEBUG 10860 --- [restartedMain] o.s.w.s.h.BeanNameUrlHandlerMapping      : Rejected bean name 'dispatcherServletRegistration': no URL paths identified
2023-08-01 08:26:53.691 DEBUG 10860 --- [restartedMain] o.s.w.s.h.BeanNameUrlHandlerMapping      : Rejected bean name 'org.springframework.boot.autoconfigure.web.servlet.DispatcherServletAutoConfiguration': no URL paths identified
2023-08-01 08:26:53.691 DEBUG 10860 --- [restartedMain] o.s.w.s.h.BeanNameUrlHandlerMapping      : Rejected bean name 'org.springframework.boot.autoconfigure.http.codec.CodecsAutoConfiguration$JacksonCodecConfiguration': no URL paths identified
2023-08-01 08:26:53.692 DEBUG 10860 --- [restartedMain] o.s.w.s.h.BeanNameUrlHandlerMapping      : Rejected bean name 'jacksonCodecCustomizer': no URL paths identified
2023-08-01 08:26:53.692 DEBUG 10860 --- [restartedMain] o.s.w.s.h.BeanNameUrlHandlerMapping      : Rejected bean name 'org.springframework.boot.autoconfigure.http.codec.CodecsAutoConfiguration': no URL paths identified
2023-08-01 08:26:53.692 DEBUG 10860 --- [restartedMain] o.s.w.s.h.BeanNameUrlHandlerMapping      : Rejected bean name 'org.springframework.boot.autoconfigure.validation.ValidationAutoConfiguration': no URL paths identified
2023-08-01 08:26:53.692 DEBUG 10860 --- [restartedMain] o.s.w.s.h.BeanNameUrlHandlerMapping      : Rejected bean name 'defaultValidator': no URL paths identified
2023-08-01 08:26:53.692 DEBUG 10860 --- [restartedMain] o.s.w.s.h.BeanNameUrlHandlerMapping      : Rejected bean name 'methodValidationPostProcessor': no URL paths identified
2023-08-01 08:26:53.692 DEBUG 10860 --- [restartedMain] o.s.w.s.h.BeanNameUrlHandlerMapping      : Rejected bean name 'org.springframework.boot.autoconfigure.web.servlet.error.ErrorMvcAutoConfiguration$WhitelabelErrorViewConfiguration': no URL paths identified
2023-08-01 08:26:53.692 DEBUG 10860 --- [restartedMain] o.s.w.s.h.BeanNameUrlHandlerMapping      : Rejected bean name 'error': no URL paths identified
2023-08-01 08:26:53.692 DEBUG 10860 --- [restartedMain] o.s.w.s.h.BeanNameUrlHandlerMapping      : Rejected bean name 'beanNameViewResolver': no URL paths identified
2023-08-01 08:26:53.692 DEBUG 10860 --- [restartedMain] o.s.w.s.h.BeanNameUrlHandlerMapping      : Rejected bean name 'org.springframework.boot.autoconfigure.web.servlet.error.ErrorMvcAutoConfiguration$DefaultErrorViewResolverConfiguration': no URL paths identified
2023-08-01 08:26:53.692 DEBUG 10860 --- [restartedMain] o.s.w.s.h.BeanNameUrlHandlerMapping      : Rejected bean name 'conventionErrorViewResolver': no URL paths identified
2023-08-01 08:26:53.692 DEBUG 10860 --- [restartedMain] o.s.w.s.h.BeanNameUrlHandlerMapping      : Rejected bean name 'org.springframework.boot.autoconfigure.web.servlet.error.ErrorMvcAutoConfiguration': no URL paths identified
2023-08-01 08:26:53.692 DEBUG 10860 --- [restartedMain] o.s.w.s.h.BeanNameUrlHandlerMapping      : Rejected bean name 'errorAttributes': no URL paths identified
2023-08-01 08:26:53.692 DEBUG 10860 --- [restartedMain] o.s.w.s.h.BeanNameUrlHandlerMapping      : Rejected bean name 'basicErrorController': no URL paths identified
2023-08-01 08:26:53.692 DEBUG 10860 --- [restartedMain] o.s.w.s.h.BeanNameUrlHandlerMapping      : Rejected bean name 'errorPageCustomizer': no URL paths identified
2023-08-01 08:26:53.692 DEBUG 10860 --- [restartedMain] o.s.w.s.h.BeanNameUrlHandlerMapping      : Rejected bean name 'preserveErrorControllerTargetClassPostProcessor': no URL paths identified
2023-08-01 08:26:53.692 DEBUG 10860 --- [restartedMain] o.s.w.s.h.BeanNameUrlHandlerMapping      : Rejected bean name 'spring.resources-org.springframework.boot.autoconfigure.web.ResourceProperties': no URL paths identified
2023-08-01 08:26:53.693 DEBUG 10860 --- [restartedMain] o.s.w.s.h.BeanNameUrlHandlerMapping      : Rejected bean name 'org.springframework.boot.autoconfigure.web.servlet.WebMvcAutoConfiguration$EnableWebMvcConfiguration': no URL paths identified
2023-08-01 08:26:53.693 DEBUG 10860 --- [restartedMain] o.s.w.s.h.BeanNameUrlHandlerMapping      : Rejected bean name 'requestMappingHandlerAdapter': no URL paths identified
2023-08-01 08:26:53.693 DEBUG 10860 --- [restartedMain] o.s.w.s.h.BeanNameUrlHandlerMapping      : Rejected bean name 'requestMappingHandlerMapping': no URL paths identified
2023-08-01 08:26:53.693 DEBUG 10860 --- [restartedMain] o.s.w.s.h.BeanNameUrlHandlerMapping      : Rejected bean name 'mvcConversionService': no URL paths identified
2023-08-01 08:26:53.693 DEBUG 10860 --- [restartedMain] o.s.w.s.h.BeanNameUrlHandlerMapping      : Rejected bean name 'mvcValidator': no URL paths identified
2023-08-01 08:26:53.693 DEBUG 10860 --- [restartedMain] o.s.w.s.h.BeanNameUrlHandlerMapping      : Rejected bean name 'mvcContentNegotiationManager': no URL paths identified
2023-08-01 08:26:53.693 DEBUG 10860 --- [restartedMain] o.s.w.s.h.BeanNameUrlHandlerMapping      : Rejected bean name 'mvcPathMatcher': no URL paths identified
2023-08-01 08:26:53.693 DEBUG 10860 --- [restartedMain] o.s.w.s.h.BeanNameUrlHandlerMapping      : Rejected bean name 'mvcUrlPathHelper': no URL paths identified
2023-08-01 08:26:53.693 DEBUG 10860 --- [restartedMain] o.s.w.s.h.BeanNameUrlHandlerMapping      : Rejected bean name 'viewControllerHandlerMapping': no URL paths identified
2023-08-01 08:26:53.693 DEBUG 10860 --- [restartedMain] o.s.w.s.h.BeanNameUrlHandlerMapping      : Rejected bean name 'beanNameHandlerMapping': no URL paths identified
2023-08-01 08:26:53.693 DEBUG 10860 --- [restartedMain] o.s.w.s.h.BeanNameUrlHandlerMapping      : Rejected bean name 'resourceHandlerMapping': no URL paths identified
2023-08-01 08:26:53.694 DEBUG 10860 --- [restartedMain] o.s.w.s.h.BeanNameUrlHandlerMapping      : Rejected bean name 'mvcResourceUrlProvider': no URL paths identified
2023-08-01 08:26:53.694 DEBUG 10860 --- [restartedMain] o.s.w.s.h.BeanNameUrlHandlerMapping      : Rejected bean name 'defaultServletHandlerMapping': no URL paths identified
2023-08-01 08:26:53.694 DEBUG 10860 --- [restartedMain] o.s.w.s.h.BeanNameUrlHandlerMapping      : Rejected bean name 'mvcUriComponentsContributor': no URL paths identified
2023-08-01 08:26:53.694 DEBUG 10860 --- [restartedMain] o.s.w.s.h.BeanNameUrlHandlerMapping      : Rejected bean name 'httpRequestHandlerAdapter': no URL paths identified
2023-08-01 08:26:53.694 DEBUG 10860 --- [restartedMain] o.s.w.s.h.BeanNameUrlHandlerMapping      : Rejected bean name 'simpleControllerHandlerAdapter': no URL paths identified
2023-08-01 08:26:53.694 DEBUG 10860 --- [restartedMain] o.s.w.s.h.BeanNameUrlHandlerMapping      : Rejected bean name 'handlerExceptionResolver': no URL paths identified
2023-08-01 08:26:53.694 DEBUG 10860 --- [restartedMain] o.s.w.s.h.BeanNameUrlHandlerMapping      : Rejected bean name 'mvcViewResolver': no URL paths identified
2023-08-01 08:26:53.694 DEBUG 10860 --- [restartedMain] o.s.w.s.h.BeanNameUrlHandlerMapping      : Rejected bean name 'mvcHandlerMappingIntrospector': no URL paths identified
2023-08-01 08:26:53.694 DEBUG 10860 --- [restartedMain] o.s.w.s.h.BeanNameUrlHandlerMapping      : Rejected bean name 'org.springframework.boot.autoconfigure.web.servlet.WebMvcAutoConfiguration$WebMvcAutoConfigurationAdapter$FaviconConfiguration': no URL paths identified
2023-08-01 08:26:53.694 DEBUG 10860 --- [restartedMain] o.s.w.s.h.BeanNameUrlHandlerMapping      : Rejected bean name 'faviconHandlerMapping': no URL paths identified
2023-08-01 08:26:53.695 DEBUG 10860 --- [restartedMain] o.s.w.s.h.BeanNameUrlHandlerMapping      : Rejected bean name 'faviconRequestHandler': no URL paths identified
2023-08-01 08:26:53.695 DEBUG 10860 --- [restartedMain] o.s.w.s.h.BeanNameUrlHandlerMapping      : Rejected bean name 'org.springframework.boot.autoconfigure.web.servlet.WebMvcAutoConfiguration$WebMvcAutoConfigurationAdapter': no URL paths identified
2023-08-01 08:26:53.695 DEBUG 10860 --- [restartedMain] o.s.w.s.h.BeanNameUrlHandlerMapping      : Rejected bean name 'defaultViewResolver': no URL paths identified
2023-08-01 08:26:53.695 DEBUG 10860 --- [restartedMain] o.s.w.s.h.BeanNameUrlHandlerMapping      : Rejected bean name 'viewResolver': no URL paths identified
2023-08-01 08:26:53.695 DEBUG 10860 --- [restartedMain] o.s.w.s.h.BeanNameUrlHandlerMapping      : Rejected bean name 'welcomePageHandlerMapping': no URL paths identified
2023-08-01 08:26:53.695 DEBUG 10860 --- [restartedMain] o.s.w.s.h.BeanNameUrlHandlerMapping      : Rejected bean name 'requestContextFilter': no URL paths identified
2023-08-01 08:26:53.696 DEBUG 10860 --- [restartedMain] o.s.w.s.h.BeanNameUrlHandlerMapping      : Rejected bean name 'org.springframework.boot.autoconfigure.web.servlet.WebMvcAutoConfiguration': no URL paths identified
2023-08-01 08:26:53.696 DEBUG 10860 --- [restartedMain] o.s.w.s.h.BeanNameUrlHandlerMapping      : Rejected bean name 'hiddenHttpMethodFilter': no URL paths identified
2023-08-01 08:26:53.696 DEBUG 10860 --- [restartedMain] o.s.w.s.h.BeanNameUrlHandlerMapping      : Rejected bean name 'httpPutFormContentFilter': no URL paths identified
2023-08-01 08:26:53.696 DEBUG 10860 --- [restartedMain] o.s.w.s.h.BeanNameUrlHandlerMapping      : Rejected bean name 'org.springframework.boot.actuate.autoconfigure.audit.AuditAutoConfiguration$AuditEventRepositoryConfiguration': no URL paths identified
2023-08-01 08:26:53.696 DEBUG 10860 --- [restartedMain] o.s.w.s.h.BeanNameUrlHandlerMapping      : Rejected bean name 'auditEventRepository': no URL paths identified
2023-08-01 08:26:53.696 DEBUG 10860 --- [restartedMain] o.s.w.s.h.BeanNameUrlHandlerMapping      : Rejected bean name 'org.springframework.boot.actuate.autoconfigure.audit.AuditAutoConfiguration': no URL paths identified
2023-08-01 08:26:53.698 DEBUG 10860 --- [restartedMain] o.s.w.s.h.BeanNameUrlHandlerMapping      : Rejected bean name 'auditListener': no URL paths identified
2023-08-01 08:26:53.701 DEBUG 10860 --- [restartedMain] o.s.w.s.h.BeanNameUrlHandlerMapping      : Rejected bean name 'org.springframework.boot.actuate.autoconfigure.audit.AuditEventsEndpointAutoConfiguration': no URL paths identified
2023-08-01 08:26:53.701 DEBUG 10860 --- [restartedMain] o.s.w.s.h.BeanNameUrlHandlerMapping      : Rejected bean name 'auditEventsEndpoint': no URL paths identified
2023-08-01 08:26:53.701 DEBUG 10860 --- [restartedMain] o.s.w.s.h.BeanNameUrlHandlerMapping      : Rejected bean name 'org.springframework.boot.actuate.autoconfigure.beans.BeansEndpointAutoConfiguration': no URL paths identified
2023-08-01 08:26:53.701 DEBUG 10860 --- [restartedMain] o.s.w.s.h.BeanNameUrlHandlerMapping      : Rejected bean name 'beansEndpoint': no URL paths identified
2023-08-01 08:26:53.701 DEBUG 10860 --- [restartedMain] o.s.w.s.h.BeanNameUrlHandlerMapping      : Rejected bean name 'org.springframework.boot.actuate.autoconfigure.system.DiskSpaceHealthIndicatorAutoConfiguration': no URL paths identified
2023-08-01 08:26:53.701 DEBUG 10860 --- [restartedMain] o.s.w.s.h.BeanNameUrlHandlerMapping      : Rejected bean name 'diskSpaceHealthIndicator': no URL paths identified
2023-08-01 08:26:53.701 DEBUG 10860 --- [restartedMain] o.s.w.s.h.BeanNameUrlHandlerMapping      : Rejected bean name 'diskSpaceHealthIndicatorProperties': no URL paths identified
2023-08-01 08:26:53.702 DEBUG 10860 --- [restartedMain] o.s.w.s.h.BeanNameUrlHandlerMapping      : Rejected bean name 'org.springframework.boot.actuate.autoconfigure.mongo.MongoHealthIndicatorAutoConfiguration': no URL paths identified
2023-08-01 08:26:53.702 DEBUG 10860 --- [restartedMain] o.s.w.s.h.BeanNameUrlHandlerMapping      : Rejected bean name 'org.springframework.boot.actuate.autoconfigure.redis.RedisHealthIndicatorAutoConfiguration': no URL paths identified
2023-08-01 08:26:53.702 DEBUG 10860 --- [restartedMain] o.s.w.s.h.BeanNameUrlHandlerMapping      : Rejected bean name 'org.springframework.boot.actuate.autoconfigure.elasticsearch.ElasticsearchHealthIndicatorAutoConfiguration': no URL paths identified
2023-08-01 08:26:53.702 DEBUG 10860 --- [restartedMain] o.s.w.s.h.BeanNameUrlHandlerMapping      : Rejected bean name 'org.springframework.boot.actuate.autoconfigure.health.HealthIndicatorAutoConfiguration': no URL paths identified
2023-08-01 08:26:53.702 DEBUG 10860 --- [restartedMain] o.s.w.s.h.BeanNameUrlHandlerMapping      : Rejected bean name 'healthAggregator': no URL paths identified
2023-08-01 08:26:53.702 DEBUG 10860 --- [restartedMain] o.s.w.s.h.BeanNameUrlHandlerMapping      : Rejected bean name 'management.health.status-org.springframework.boot.actuate.autoconfigure.health.HealthIndicatorProperties': no URL paths identified
2023-08-01 08:26:53.702 DEBUG 10860 --- [restartedMain] o.s.w.s.h.BeanNameUrlHandlerMapping      : Rejected bean name 'org.springframework.boot.actuate.autoconfigure.health.HealthEndpointConfiguration': no URL paths identified
2023-08-01 08:26:53.702 DEBUG 10860 --- [restartedMain] o.s.w.s.h.BeanNameUrlHandlerMapping      : Rejected bean name 'healthEndpoint': no URL paths identified
2023-08-01 08:26:53.702 DEBUG 10860 --- [restartedMain] o.s.w.s.h.BeanNameUrlHandlerMapping      : Rejected bean name 'org.springframework.boot.actuate.autoconfigure.health.HealthEndpointWebExtensionConfiguration$ServletWebHealthConfiguration': no URL paths identified
2023-08-01 08:26:53.702 DEBUG 10860 --- [restartedMain] o.s.w.s.h.BeanNameUrlHandlerMapping      : Rejected bean name 'healthEndpointWebExtension': no URL paths identified
2023-08-01 08:26:53.702 DEBUG 10860 --- [restartedMain] o.s.w.s.h.BeanNameUrlHandlerMapping      : Rejected bean name 'org.springframework.boot.actuate.autoconfigure.health.HealthEndpointWebExtensionConfiguration': no URL paths identified
2023-08-01 08:26:53.702 DEBUG 10860 --- [restartedMain] o.s.w.s.h.BeanNameUrlHandlerMapping      : Rejected bean name 'createHealthStatusHttpMapper': no URL paths identified
2023-08-01 08:26:53.702 DEBUG 10860 --- [restartedMain] o.s.w.s.h.BeanNameUrlHandlerMapping      : Rejected bean name 'healthWebEndpointResponseMapper': no URL paths identified
2023-08-01 08:26:53.702 DEBUG 10860 --- [restartedMain] o.s.w.s.h.BeanNameUrlHandlerMapping      : Rejected bean name 'org.springframework.boot.actuate.autoconfigure.health.HealthEndpointAutoConfiguration': no URL paths identified
2023-08-01 08:26:53.702 DEBUG 10860 --- [restartedMain] o.s.w.s.h.BeanNameUrlHandlerMapping      : Rejected bean name 'management.endpoint.health-org.springframework.boot.actuate.autoconfigure.health.HealthEndpointProperties': no URL paths identified
2023-08-01 08:26:53.702 DEBUG 10860 --- [restartedMain] o.s.w.s.h.BeanNameUrlHandlerMapping      : Rejected bean name 'org.springframework.boot.actuate.autoconfigure.web.servlet.ServletManagementContextAutoConfiguration': no URL paths identified
2023-08-01 08:26:53.702 DEBUG 10860 --- [restartedMain] o.s.w.s.h.BeanNameUrlHandlerMapping      : Rejected bean name 'servletWebChildContextFactory': no URL paths identified
2023-08-01 08:26:53.702 DEBUG 10860 --- [restartedMain] o.s.w.s.h.BeanNameUrlHandlerMapping      : Rejected bean name 'managementServletContext': no URL paths identified
2023-08-01 08:26:53.702 DEBUG 10860 --- [restartedMain] o.s.w.s.h.BeanNameUrlHandlerMapping      : Rejected bean name 'org.springframework.boot.actuate.autoconfigure.condition.ConditionsReportEndpointAutoConfiguration': no URL paths identified
2023-08-01 08:26:53.702 DEBUG 10860 --- [restartedMain] o.s.w.s.h.BeanNameUrlHandlerMapping      : Rejected bean name 'conditionsReportEndpoint': no URL paths identified
2023-08-01 08:26:53.702 DEBUG 10860 --- [restartedMain] o.s.w.s.h.BeanNameUrlHandlerMapping      : Rejected bean name 'org.springframework.boot.actuate.autoconfigure.context.ShutdownEndpointAutoConfiguration': no URL paths identified
2023-08-01 08:26:53.703 DEBUG 10860 --- [restartedMain] o.s.w.s.h.BeanNameUrlHandlerMapping      : Rejected bean name 'shutdownEndpoint': no URL paths identified
2023-08-01 08:26:53.703 DEBUG 10860 --- [restartedMain] o.s.w.s.h.BeanNameUrlHandlerMapping      : Rejected bean name 'org.springframework.boot.actuate.autoconfigure.context.properties.ConfigurationPropertiesReportEndpointAutoConfiguration': no URL paths identified
2023-08-01 08:26:53.703 DEBUG 10860 --- [restartedMain] o.s.w.s.h.BeanNameUrlHandlerMapping      : Rejected bean name 'configurationPropertiesReportEndpoint': no URL paths identified
2023-08-01 08:26:53.703 DEBUG 10860 --- [restartedMain] o.s.w.s.h.BeanNameUrlHandlerMapping      : Rejected bean name 'management.endpoint.configprops-org.springframework.boot.actuate.autoconfigure.context.properties.ConfigurationPropertiesReportEndpointProperties': no URL paths identified
2023-08-01 08:26:53.703 DEBUG 10860 --- [restartedMain] o.s.w.s.h.BeanNameUrlHandlerMapping      : Rejected bean name 'org.springframework.boot.actuate.autoconfigure.endpoint.EndpointAutoConfiguration': no URL paths identified
2023-08-01 08:26:53.703 DEBUG 10860 --- [restartedMain] o.s.w.s.h.BeanNameUrlHandlerMapping      : Rejected bean name 'endpointOperationParameterMapper': no URL paths identified
2023-08-01 08:26:53.704 DEBUG 10860 --- [restartedMain] o.s.w.s.h.BeanNameUrlHandlerMapping      : Rejected bean name 'endpointCachingOperationInvokerAdvisor': no URL paths identified
2023-08-01 08:26:53.704 DEBUG 10860 --- [restartedMain] o.s.w.s.h.BeanNameUrlHandlerMapping      : Rejected bean name 'org.springframework.boot.autoconfigure.jmx.JmxAutoConfiguration': no URL paths identified
2023-08-01 08:26:53.704 DEBUG 10860 --- [restartedMain] o.s.w.s.h.BeanNameUrlHandlerMapping      : Rejected bean name 'mbeanExporter': no URL paths identified
2023-08-01 08:26:53.704 DEBUG 10860 --- [restartedMain] o.s.w.s.h.BeanNameUrlHandlerMapping      : Rejected bean name 'objectNamingStrategy': no URL paths identified
2023-08-01 08:26:53.704 DEBUG 10860 --- [restartedMain] o.s.w.s.h.BeanNameUrlHandlerMapping      : Rejected bean name 'mbeanServer': no URL paths identified
2023-08-01 08:26:53.704 DEBUG 10860 --- [restartedMain] o.s.w.s.h.BeanNameUrlHandlerMapping      : Rejected bean name 'org.springframework.boot.actuate.autoconfigure.endpoint.jmx.JmxEndpointAutoConfiguration': no URL paths identified
2023-08-01 08:26:53.704 DEBUG 10860 --- [restartedMain] o.s.w.s.h.BeanNameUrlHandlerMapping      : Rejected bean name 'jmxAnnotationEndpointDiscoverer': no URL paths identified
2023-08-01 08:26:53.704 DEBUG 10860 --- [restartedMain] o.s.w.s.h.BeanNameUrlHandlerMapping      : Rejected bean name 'jmxMBeanExporter': no URL paths identified
2023-08-01 08:26:53.704 DEBUG 10860 --- [restartedMain] o.s.w.s.h.BeanNameUrlHandlerMapping      : Rejected bean name 'jmxIncludeExcludePropertyEndpointFilter': no URL paths identified
2023-08-01 08:26:53.705 DEBUG 10860 --- [restartedMain] o.s.w.s.h.BeanNameUrlHandlerMapping      : Rejected bean name 'management.endpoints.jmx-org.springframework.boot.actuate.autoconfigure.endpoint.jmx.JmxEndpointProperties': no URL paths identified
2023-08-01 08:26:53.705 DEBUG 10860 --- [restartedMain] o.s.w.s.h.BeanNameUrlHandlerMapping      : Rejected bean name 'org.springframework.boot.actuate.autoconfigure.endpoint.web.WebEndpointAutoConfiguration$WebEndpointServletAutoConfiguration': no URL paths identified
2023-08-01 08:26:53.705 DEBUG 10860 --- [restartedMain] o.s.w.s.h.BeanNameUrlHandlerMapping      : Rejected bean name 'servletEndpointDiscoverer': no URL paths identified
2023-08-01 08:26:53.705 DEBUG 10860 --- [restartedMain] o.s.w.s.h.BeanNameUrlHandlerMapping      : Rejected bean name 'org.springframework.boot.actuate.autoconfigure.endpoint.web.WebEndpointAutoConfiguration': no URL paths identified
2023-08-01 08:26:53.705 DEBUG 10860 --- [restartedMain] o.s.w.s.h.BeanNameUrlHandlerMapping      : Rejected bean name 'webEndpointPathMapper': no URL paths identified
2023-08-01 08:26:53.705 DEBUG 10860 --- [restartedMain] o.s.w.s.h.BeanNameUrlHandlerMapping      : Rejected bean name 'endpointMediaTypes': no URL paths identified
2023-08-01 08:26:53.705 DEBUG 10860 --- [restartedMain] o.s.w.s.h.BeanNameUrlHandlerMapping      : Rejected bean name 'webEndpointDiscoverer': no URL paths identified
2023-08-01 08:26:53.706 DEBUG 10860 --- [restartedMain] o.s.w.s.h.BeanNameUrlHandlerMapping      : Rejected bean name 'controllerEndpointDiscoverer': no URL paths identified
2023-08-01 08:26:53.706 DEBUG 10860 --- [restartedMain] o.s.w.s.h.BeanNameUrlHandlerMapping      : Rejected bean name 'pathMappedEndpoints': no URL paths identified
2023-08-01 08:26:53.706 DEBUG 10860 --- [restartedMain] o.s.w.s.h.BeanNameUrlHandlerMapping      : Rejected bean name 'webExposeExcludePropertyEndpointFilter': no URL paths identified
2023-08-01 08:26:53.706 DEBUG 10860 --- [restartedMain] o.s.w.s.h.BeanNameUrlHandlerMapping      : Rejected bean name 'controllerExposeExcludePropertyEndpointFilter': no URL paths identified
2023-08-01 08:26:53.706 DEBUG 10860 --- [restartedMain] o.s.w.s.h.BeanNameUrlHandlerMapping      : Rejected bean name 'management.endpoints.web-org.springframework.boot.actuate.autoconfigure.endpoint.web.WebEndpointProperties': no URL paths identified
2023-08-01 08:26:53.706 DEBUG 10860 --- [restartedMain] o.s.w.s.h.BeanNameUrlHandlerMapping      : Rejected bean name 'org.springframework.boot.actuate.autoconfigure.env.EnvironmentEndpointAutoConfiguration': no URL paths identified
2023-08-01 08:26:53.706 DEBUG 10860 --- [restartedMain] o.s.w.s.h.BeanNameUrlHandlerMapping      : Rejected bean name 'environmentEndpoint': no URL paths identified
2023-08-01 08:26:53.706 DEBUG 10860 --- [restartedMain] o.s.w.s.h.BeanNameUrlHandlerMapping      : Rejected bean name 'environmentWebEndpointExtension': no URL paths identified
2023-08-01 08:26:53.706 DEBUG 10860 --- [restartedMain] o.s.w.s.h.BeanNameUrlHandlerMapping      : Rejected bean name 'management.endpoint.env-org.springframework.boot.actuate.autoconfigure.env.EnvironmentEndpointProperties': no URL paths identified
2023-08-01 08:26:53.706 DEBUG 10860 --- [restartedMain] o.s.w.s.h.BeanNameUrlHandlerMapping      : Rejected bean name 'org.springframework.boot.autoconfigure.info.ProjectInfoAutoConfiguration': no URL paths identified
2023-08-01 08:26:53.706 DEBUG 10860 --- [restartedMain] o.s.w.s.h.BeanNameUrlHandlerMapping      : Rejected bean name 'spring.info-org.springframework.boot.autoconfigure.info.ProjectInfoProperties': no URL paths identified
2023-08-01 08:26:53.706 DEBUG 10860 --- [restartedMain] o.s.w.s.h.BeanNameUrlHandlerMapping      : Rejected bean name 'org.springframework.boot.actuate.autoconfigure.info.InfoContributorAutoConfiguration': no URL paths identified
2023-08-01 08:26:53.706 DEBUG 10860 --- [restartedMain] o.s.w.s.h.BeanNameUrlHandlerMapping      : Rejected bean name 'envInfoContributor': no URL paths identified
2023-08-01 08:26:53.707 DEBUG 10860 --- [restartedMain] o.s.w.s.h.BeanNameUrlHandlerMapping      : Rejected bean name 'management.info-org.springframework.boot.actuate.autoconfigure.info.InfoContributorProperties': no URL paths identified
2023-08-01 08:26:53.707 DEBUG 10860 --- [restartedMain] o.s.w.s.h.BeanNameUrlHandlerMapping      : Rejected bean name 'org.springframework.boot.actuate.autoconfigure.info.InfoEndpointAutoConfiguration': no URL paths identified
2023-08-01 08:26:53.707 DEBUG 10860 --- [restartedMain] o.s.w.s.h.BeanNameUrlHandlerMapping      : Rejected bean name 'infoEndpoint': no URL paths identified
2023-08-01 08:26:53.707 DEBUG 10860 --- [restartedMain] o.s.w.s.h.BeanNameUrlHandlerMapping      : Rejected bean name 'org.springframework.boot.actuate.autoconfigure.logging.LogFileWebEndpointAutoConfiguration': no URL paths identified
2023-08-01 08:26:53.707 DEBUG 10860 --- [restartedMain] o.s.w.s.h.BeanNameUrlHandlerMapping      : Rejected bean name 'logFileWebEndpoint': no URL paths identified
2023-08-01 08:26:53.707 DEBUG 10860 --- [restartedMain] o.s.w.s.h.BeanNameUrlHandlerMapping      : Rejected bean name 'management.endpoint.logfile-org.springframework.boot.actuate.autoconfigure.logging.LogFileWebEndpointProperties': no URL paths identified
2023-08-01 08:26:53.707 DEBUG 10860 --- [restartedMain] o.s.w.s.h.BeanNameUrlHandlerMapping      : Rejected bean name 'org.springframework.boot.actuate.autoconfigure.logging.LoggersEndpointAutoConfiguration': no URL paths identified
2023-08-01 08:26:53.707 DEBUG 10860 --- [restartedMain] o.s.w.s.h.BeanNameUrlHandlerMapping      : Rejected bean name 'loggersEndpoint': no URL paths identified
2023-08-01 08:26:53.707 DEBUG 10860 --- [restartedMain] o.s.w.s.h.BeanNameUrlHandlerMapping      : Rejected bean name 'org.springframework.boot.actuate.autoconfigure.management.HeapDumpWebEndpointAutoConfiguration': no URL paths identified
2023-08-01 08:26:53.707 DEBUG 10860 --- [restartedMain] o.s.w.s.h.BeanNameUrlHandlerMapping      : Rejected bean name 'heapDumpWebEndpoint': no URL paths identified
2023-08-01 08:26:53.707 DEBUG 10860 --- [restartedMain] o.s.w.s.h.BeanNameUrlHandlerMapping      : Rejected bean name 'org.springframework.boot.actuate.autoconfigure.management.ThreadDumpEndpointAutoConfiguration': no URL paths identified
2023-08-01 08:26:53.707 DEBUG 10860 --- [restartedMain] o.s.w.s.h.BeanNameUrlHandlerMapping      : Rejected bean name 'dumpEndpoint': no URL paths identified
2023-08-01 08:26:53.707 DEBUG 10860 --- [restartedMain] o.s.w.s.h.BeanNameUrlHandlerMapping      : Rejected bean name 'org.springframework.boot.actuate.autoconfigure.metrics.MetricsAutoConfiguration$MeterBindersConfiguration': no URL paths identified
2023-08-01 08:26:53.707 DEBUG 10860 --- [restartedMain] o.s.w.s.h.BeanNameUrlHandlerMapping      : Rejected bean name 'logbackMetrics': no URL paths identified
2023-08-01 08:26:53.707 DEBUG 10860 --- [restartedMain] o.s.w.s.h.BeanNameUrlHandlerMapping      : Rejected bean name 'uptimeMetrics': no URL paths identified
2023-08-01 08:26:53.708 DEBUG 10860 --- [restartedMain] o.s.w.s.h.BeanNameUrlHandlerMapping      : Rejected bean name 'processorMetrics': no URL paths identified
2023-08-01 08:26:53.708 DEBUG 10860 --- [restartedMain] o.s.w.s.h.BeanNameUrlHandlerMapping      : Rejected bean name 'fileDescriptorMetrics': no URL paths identified
2023-08-01 08:26:53.708 DEBUG 10860 --- [restartedMain] o.s.w.s.h.BeanNameUrlHandlerMapping      : Rejected bean name 'org.springframework.boot.actuate.autoconfigure.metrics.MetricsAutoConfiguration$JvmMeterBindersConfiguration': no URL paths identified
2023-08-01 08:26:53.708 DEBUG 10860 --- [restartedMain] o.s.w.s.h.BeanNameUrlHandlerMapping      : Rejected bean name 'jvmGcMetrics': no URL paths identified
2023-08-01 08:26:53.708 DEBUG 10860 --- [restartedMain] o.s.w.s.h.BeanNameUrlHandlerMapping      : Rejected bean name 'jvmMemoryMetrics': no URL paths identified
2023-08-01 08:26:53.708 DEBUG 10860 --- [restartedMain] o.s.w.s.h.BeanNameUrlHandlerMapping      : Rejected bean name 'jvmThreadMetrics': no URL paths identified
2023-08-01 08:26:53.708 DEBUG 10860 --- [restartedMain] o.s.w.s.h.BeanNameUrlHandlerMapping      : Rejected bean name 'classLoaderMetrics': no URL paths identified
2023-08-01 08:26:53.709 DEBUG 10860 --- [restartedMain] o.s.w.s.h.BeanNameUrlHandlerMapping      : Rejected bean name 'org.springframework.boot.actuate.autoconfigure.metrics.MetricsAutoConfiguration': no URL paths identified
2023-08-01 08:26:53.709 DEBUG 10860 --- [restartedMain] o.s.w.s.h.BeanNameUrlHandlerMapping      : Rejected bean name 'micrometerClock': no URL paths identified
2023-08-01 08:26:53.709 DEBUG 10860 --- [restartedMain] o.s.w.s.h.BeanNameUrlHandlerMapping      : Rejected bean name 'meterRegistryPostProcessor': no URL paths identified
2023-08-01 08:26:53.709 DEBUG 10860 --- [restartedMain] o.s.w.s.h.BeanNameUrlHandlerMapping      : Rejected bean name 'propertiesMeterFilter': no URL paths identified
2023-08-01 08:26:53.710 DEBUG 10860 --- [restartedMain] o.s.w.s.h.BeanNameUrlHandlerMapping      : Rejected bean name 'management.metrics-org.springframework.boot.actuate.autoconfigure.metrics.MetricsProperties': no URL paths identified
2023-08-01 08:26:53.710 DEBUG 10860 --- [restartedMain] o.s.w.s.h.BeanNameUrlHandlerMapping      : Rejected bean name 'org.springframework.boot.actuate.autoconfigure.metrics.export.simple.SimpleMetricsExportAutoConfiguration': no URL paths identified
2023-08-01 08:26:53.710 DEBUG 10860 --- [restartedMain] o.s.w.s.h.BeanNameUrlHandlerMapping      : Rejected bean name 'simpleMeterRegistry': no URL paths identified
2023-08-01 08:26:53.710 DEBUG 10860 --- [restartedMain] o.s.w.s.h.BeanNameUrlHandlerMapping      : Rejected bean name 'simpleConfig': no URL paths identified
2023-08-01 08:26:53.710 DEBUG 10860 --- [restartedMain] o.s.w.s.h.BeanNameUrlHandlerMapping      : Rejected bean name 'management.metrics.export.simple-org.springframework.boot.actuate.autoconfigure.metrics.export.simple.SimpleProperties': no URL paths identified
2023-08-01 08:26:53.710 DEBUG 10860 --- [restartedMain] o.s.w.s.h.BeanNameUrlHandlerMapping      : Rejected bean name 'org.springframework.boot.actuate.autoconfigure.metrics.CompositeMeterRegistryAutoConfiguration': no URL paths identified
2023-08-01 08:26:53.710 DEBUG 10860 --- [restartedMain] o.s.w.s.h.BeanNameUrlHandlerMapping      : Rejected bean name 'org.springframework.boot.actuate.autoconfigure.metrics.MetricsEndpointAutoConfiguration': no URL paths identified
2023-08-01 08:26:53.710 DEBUG 10860 --- [restartedMain] o.s.w.s.h.BeanNameUrlHandlerMapping      : Rejected bean name 'metricsEndpoint': no URL paths identified
2023-08-01 08:26:53.710 DEBUG 10860 --- [restartedMain] o.s.w.s.h.BeanNameUrlHandlerMapping      : Rejected bean name 'org.springframework.boot.autoconfigure.http.HttpMessageConvertersAutoConfiguration$StringHttpMessageConverterConfiguration': no URL paths identified
2023-08-01 08:26:53.710 DEBUG 10860 --- [restartedMain] o.s.w.s.h.BeanNameUrlHandlerMapping      : Rejected bean name 'stringHttpMessageConverter': no URL paths identified
2023-08-01 08:26:53.710 DEBUG 10860 --- [restartedMain] o.s.w.s.h.BeanNameUrlHandlerMapping      : Rejected bean name 'spring.http.encoding-org.springframework.boot.autoconfigure.http.HttpEncodingProperties': no URL paths identified
2023-08-01 08:26:53.710 DEBUG 10860 --- [restartedMain] o.s.w.s.h.BeanNameUrlHandlerMapping      : Rejected bean name 'org.springframework.boot.autoconfigure.http.JacksonHttpMessageConvertersConfiguration$MappingJackson2HttpMessageConverterConfiguration': no URL paths identified
2023-08-01 08:26:53.710 DEBUG 10860 --- [restartedMain] o.s.w.s.h.BeanNameUrlHandlerMapping      : Rejected bean name 'mappingJackson2HttpMessageConverter': no URL paths identified
2023-08-01 08:26:53.710 DEBUG 10860 --- [restartedMain] o.s.w.s.h.BeanNameUrlHandlerMapping      : Rejected bean name 'org.springframework.boot.autoconfigure.http.JacksonHttpMessageConvertersConfiguration': no URL paths identified
2023-08-01 08:26:53.710 DEBUG 10860 --- [restartedMain] o.s.w.s.h.BeanNameUrlHandlerMapping      : Rejected bean name 'org.springframework.boot.autoconfigure.http.HttpMessageConvertersAutoConfiguration': no URL paths identified
2023-08-01 08:26:53.710 DEBUG 10860 --- [restartedMain] o.s.w.s.h.BeanNameUrlHandlerMapping      : Rejected bean name 'messageConverters': no URL paths identified
2023-08-01 08:26:53.710 DEBUG 10860 --- [restartedMain] o.s.w.s.h.BeanNameUrlHandlerMapping      : Rejected bean name 'org.springframework.boot.autoconfigure.web.client.RestTemplateAutoConfiguration': no URL paths identified
2023-08-01 08:26:53.712 DEBUG 10860 --- [restartedMain] o.s.w.s.h.BeanNameUrlHandlerMapping      : Rejected bean name 'restTemplateBuilder': no URL paths identified
2023-08-01 08:26:53.712 DEBUG 10860 --- [restartedMain] o.s.w.s.h.BeanNameUrlHandlerMapping      : Rejected bean name 'org.springframework.boot.actuate.autoconfigure.metrics.web.client.RestTemplateMetricsAutoConfiguration': no URL paths identified
2023-08-01 08:26:53.713 DEBUG 10860 --- [restartedMain] o.s.w.s.h.BeanNameUrlHandlerMapping      : Rejected bean name 'restTemplateTagConfigurer': no URL paths identified
2023-08-01 08:26:53.713 DEBUG 10860 --- [restartedMain] o.s.w.s.h.BeanNameUrlHandlerMapping      : Rejected bean name 'metricsRestTemplateCustomizer': no URL paths identified
2023-08-01 08:26:53.713 DEBUG 10860 --- [restartedMain] o.s.w.s.h.BeanNameUrlHandlerMapping      : Rejected bean name 'metricsWebClientUriTagFilter': no URL paths identified
2023-08-01 08:26:53.713 DEBUG 10860 --- [restartedMain] o.s.w.s.h.BeanNameUrlHandlerMapping      : Rejected bean name 'org.springframework.boot.actuate.autoconfigure.metrics.web.servlet.WebMvcMetricsAutoConfiguration': no URL paths identified
2023-08-01 08:26:53.713 DEBUG 10860 --- [restartedMain] o.s.w.s.h.BeanNameUrlHandlerMapping      : Rejected bean name 'webMvcTagsProvider': no URL paths identified
2023-08-01 08:26:53.714 DEBUG 10860 --- [restartedMain] o.s.w.s.h.BeanNameUrlHandlerMapping      : Rejected bean name 'webMvcMetricsFilter': no URL paths identified
2023-08-01 08:26:53.715 DEBUG 10860 --- [restartedMain] o.s.w.s.h.BeanNameUrlHandlerMapping      : Rejected bean name 'org.springframework.boot.actuate.autoconfigure.metrics.web.tomcat.TomcatMetricsAutoConfiguration': no URL paths identified
2023-08-01 08:26:53.716 DEBUG 10860 --- [restartedMain] o.s.w.s.h.BeanNameUrlHandlerMapping      : Rejected bean name 'tomcatMetrics': no URL paths identified
2023-08-01 08:26:53.717 DEBUG 10860 --- [restartedMain] o.s.w.s.h.BeanNameUrlHandlerMapping      : Rejected bean name 'contextCapturingServletTomcatCustomizer': no URL paths identified
2023-08-01 08:26:53.717 DEBUG 10860 --- [restartedMain] o.s.w.s.h.BeanNameUrlHandlerMapping      : Rejected bean name 'org.springframework.boot.actuate.autoconfigure.scheduling.ScheduledTasksEndpointAutoConfiguration': no URL paths identified
2023-08-01 08:26:53.717 DEBUG 10860 --- [restartedMain] o.s.w.s.h.BeanNameUrlHandlerMapping      : Rejected bean name 'scheduledTasksEndpoint': no URL paths identified
2023-08-01 08:26:53.717 DEBUG 10860 --- [restartedMain] o.s.w.s.h.BeanNameUrlHandlerMapping      : Rejected bean name 'org.springframework.boot.actuate.autoconfigure.trace.http.HttpTraceAutoConfiguration$ServletTraceFilterConfiguration': no URL paths identified
2023-08-01 08:26:53.717 DEBUG 10860 --- [restartedMain] o.s.w.s.h.BeanNameUrlHandlerMapping      : Rejected bean name 'httpTraceFilter': no URL paths identified
2023-08-01 08:26:53.717 DEBUG 10860 --- [restartedMain] o.s.w.s.h.BeanNameUrlHandlerMapping      : Rejected bean name 'org.springframework.boot.actuate.autoconfigure.trace.http.HttpTraceAutoConfiguration': no URL paths identified
2023-08-01 08:26:53.717 DEBUG 10860 --- [restartedMain] o.s.w.s.h.BeanNameUrlHandlerMapping      : Rejected bean name 'traceRepository': no URL paths identified
2023-08-01 08:26:53.717 DEBUG 10860 --- [restartedMain] o.s.w.s.h.BeanNameUrlHandlerMapping      : Rejected bean name 'httpExchangeTracer': no URL paths identified
2023-08-01 08:26:53.717 DEBUG 10860 --- [restartedMain] o.s.w.s.h.BeanNameUrlHandlerMapping      : Rejected bean name 'management.trace.http-org.springframework.boot.actuate.autoconfigure.trace.http.HttpTraceProperties': no URL paths identified
2023-08-01 08:26:53.718 DEBUG 10860 --- [restartedMain] o.s.w.s.h.BeanNameUrlHandlerMapping      : Rejected bean name 'org.springframework.boot.actuate.autoconfigure.trace.http.HttpTraceEndpointAutoConfiguration': no URL paths identified
2023-08-01 08:26:53.718 DEBUG 10860 --- [restartedMain] o.s.w.s.h.BeanNameUrlHandlerMapping      : Rejected bean name 'httpTraceEndpoint': no URL paths identified
2023-08-01 08:26:53.718 DEBUG 10860 --- [restartedMain] o.s.w.s.h.BeanNameUrlHandlerMapping      : Rejected bean name 'org.springframework.boot.actuate.autoconfigure.web.mappings.MappingsEndpointAutoConfiguration$ServletWebConfiguration$SpringMvcConfiguration': no URL paths identified
2023-08-01 08:26:53.719 DEBUG 10860 --- [restartedMain] o.s.w.s.h.BeanNameUrlHandlerMapping      : Rejected bean name 'dispatcherServletMappingDescriptionProvider': no URL paths identified
2023-08-01 08:26:53.719 DEBUG 10860 --- [restartedMain] o.s.w.s.h.BeanNameUrlHandlerMapping      : Rejected bean name 'org.springframework.boot.actuate.autoconfigure.web.mappings.MappingsEndpointAutoConfiguration$ServletWebConfiguration': no URL paths identified
2023-08-01 08:26:53.719 DEBUG 10860 --- [restartedMain] o.s.w.s.h.BeanNameUrlHandlerMapping      : Rejected bean name 'servletMappingDescriptionProvider': no URL paths identified
2023-08-01 08:26:53.719 DEBUG 10860 --- [restartedMain] o.s.w.s.h.BeanNameUrlHandlerMapping      : Rejected bean name 'filterMappingDescriptionProvider': no URL paths identified
2023-08-01 08:26:53.719 DEBUG 10860 --- [restartedMain] o.s.w.s.h.BeanNameUrlHandlerMapping      : Rejected bean name 'org.springframework.boot.actuate.autoconfigure.web.mappings.MappingsEndpointAutoConfiguration': no URL paths identified
2023-08-01 08:26:53.719 DEBUG 10860 --- [restartedMain] o.s.w.s.h.BeanNameUrlHandlerMapping      : Rejected bean name 'mappingsEndpoint': no URL paths identified
2023-08-01 08:26:53.719 DEBUG 10860 --- [restartedMain] o.s.w.s.h.BeanNameUrlHandlerMapping      : Rejected bean name 'org.springframework.boot.autoconfigure.admin.SpringApplicationAdminJmxAutoConfiguration': no URL paths identified
2023-08-01 08:26:53.720 DEBUG 10860 --- [restartedMain] o.s.w.s.h.BeanNameUrlHandlerMapping      : Rejected bean name 'springApplicationAdminRegistrar': no URL paths identified
2023-08-01 08:26:53.720 DEBUG 10860 --- [restartedMain] o.s.w.s.h.BeanNameUrlHandlerMapping      : Rejected bean name 'org.springframework.boot.autoconfigure.context.ConfigurationPropertiesAutoConfiguration': no URL paths identified
2023-08-01 08:26:53.720 DEBUG 10860 --- [restartedMain] o.s.w.s.h.BeanNameUrlHandlerMapping      : Rejected bean name 'org.springframework.boot.autoconfigure.security.reactive.ReactiveSecurityAutoConfiguration': no URL paths identified
2023-08-01 08:26:53.720 DEBUG 10860 --- [restartedMain] o.s.w.s.h.BeanNameUrlHandlerMapping      : Rejected bean name 'spring.security-org.springframework.boot.autoconfigure.security.SecurityProperties': no URL paths identified
2023-08-01 08:26:53.720 DEBUG 10860 --- [restartedMain] o.s.w.s.h.BeanNameUrlHandlerMapping      : Rejected bean name 'org.springframework.boot.autoconfigure.web.embedded.EmbeddedWebServerFactoryCustomizerAutoConfiguration$TomcatWebServerFactoryCustomizerConfiguration': no URL paths identified
2023-08-01 08:26:53.720 DEBUG 10860 --- [restartedMain] o.s.w.s.h.BeanNameUrlHandlerMapping      : Rejected bean name 'tomcatWebServerFactoryCustomizer': no URL paths identified
2023-08-01 08:26:53.720 DEBUG 10860 --- [restartedMain] o.s.w.s.h.BeanNameUrlHandlerMapping      : Rejected bean name 'org.springframework.boot.autoconfigure.web.embedded.EmbeddedWebServerFactoryCustomizerAutoConfiguration': no URL paths identified
2023-08-01 08:26:53.721 DEBUG 10860 --- [restartedMain] o.s.w.s.h.BeanNameUrlHandlerMapping      : Rejected bean name 'org.springframework.boot.autoconfigure.web.servlet.HttpEncodingAutoConfiguration': no URL paths identified
2023-08-01 08:26:53.721 DEBUG 10860 --- [restartedMain] o.s.w.s.h.BeanNameUrlHandlerMapping      : Rejected bean name 'characterEncodingFilter': no URL paths identified
2023-08-01 08:26:53.721 DEBUG 10860 --- [restartedMain] o.s.w.s.h.BeanNameUrlHandlerMapping      : Rejected bean name 'localeCharsetMappingsCustomizer': no URL paths identified
2023-08-01 08:26:53.721 DEBUG 10860 --- [restartedMain] o.s.w.s.h.BeanNameUrlHandlerMapping      : Rejected bean name 'org.springframework.boot.autoconfigure.web.servlet.MultipartAutoConfiguration': no URL paths identified
2023-08-01 08:26:53.721 DEBUG 10860 --- [restartedMain] o.s.w.s.h.BeanNameUrlHandlerMapping      : Rejected bean name 'multipartConfigElement': no URL paths identified
2023-08-01 08:26:53.721 DEBUG 10860 --- [restartedMain] o.s.w.s.h.BeanNameUrlHandlerMapping      : Rejected bean name 'multipartResolver': no URL paths identified
2023-08-01 08:26:53.721 DEBUG 10860 --- [restartedMain] o.s.w.s.h.BeanNameUrlHandlerMapping      : Rejected bean name 'spring.servlet.multipart-org.springframework.boot.autoconfigure.web.servlet.MultipartProperties': no URL paths identified
2023-08-01 08:26:53.721 DEBUG 10860 --- [restartedMain] o.s.w.s.h.BeanNameUrlHandlerMapping      : Rejected bean name 'org.springframework.boot.devtools.autoconfigure.LocalDevToolsAutoConfiguration$RestartConfiguration': no URL paths identified
2023-08-01 08:26:53.721 DEBUG 10860 --- [restartedMain] o.s.w.s.h.BeanNameUrlHandlerMapping      : Rejected bean name 'classPathFileSystemWatcher': no URL paths identified
2023-08-01 08:26:53.721 DEBUG 10860 --- [restartedMain] o.s.w.s.h.BeanNameUrlHandlerMapping      : Rejected bean name 'classPathRestartStrategy': no URL paths identified
2023-08-01 08:26:53.721 DEBUG 10860 --- [restartedMain] o.s.w.s.h.BeanNameUrlHandlerMapping      : Rejected bean name 'hateoasObjenesisCacheDisabler': no URL paths identified
2023-08-01 08:26:53.721 DEBUG 10860 --- [restartedMain] o.s.w.s.h.BeanNameUrlHandlerMapping      : Rejected bean name 'fileSystemWatcherFactory': no URL paths identified
2023-08-01 08:26:53.721 DEBUG 10860 --- [restartedMain] o.s.w.s.h.BeanNameUrlHandlerMapping      : Rejected bean name 'conditionEvaluationDeltaLoggingListener': no URL paths identified
2023-08-01 08:26:53.721 DEBUG 10860 --- [restartedMain] o.s.w.s.h.BeanNameUrlHandlerMapping      : Rejected bean name 'org.springframework.boot.devtools.autoconfigure.LocalDevToolsAutoConfiguration$LiveReloadConfiguration': no URL paths identified
2023-08-01 08:26:53.721 DEBUG 10860 --- [restartedMain] o.s.w.s.h.BeanNameUrlHandlerMapping      : Rejected bean name 'liveReloadServer': no URL paths identified
2023-08-01 08:26:53.721 DEBUG 10860 --- [restartedMain] o.s.w.s.h.BeanNameUrlHandlerMapping      : Rejected bean name 'optionalLiveReloadServer': no URL paths identified
2023-08-01 08:26:53.721 DEBUG 10860 --- [restartedMain] o.s.w.s.h.BeanNameUrlHandlerMapping      : Rejected bean name 'liveReloadServerEventListener': no URL paths identified
2023-08-01 08:26:53.722 DEBUG 10860 --- [restartedMain] o.s.w.s.h.BeanNameUrlHandlerMapping      : Rejected bean name 'org.springframework.boot.devtools.autoconfigure.LocalDevToolsAutoConfiguration': no URL paths identified
2023-08-01 08:26:53.722 DEBUG 10860 --- [restartedMain] o.s.w.s.h.BeanNameUrlHandlerMapping      : Rejected bean name 'spring.devtools-org.springframework.boot.devtools.autoconfigure.DevToolsProperties': no URL paths identified
2023-08-01 08:26:53.722 DEBUG 10860 --- [restartedMain] o.s.w.s.h.BeanNameUrlHandlerMapping      : Rejected bean name 'org.springframework.boot.actuate.autoconfigure.endpoint.web.ServletEndpointManagementContextConfiguration': no URL paths identified
2023-08-01 08:26:53.722 DEBUG 10860 --- [restartedMain] o.s.w.s.h.BeanNameUrlHandlerMapping      : Rejected bean name 'servletEndpointRegistrar': no URL paths identified
2023-08-01 08:26:53.722 DEBUG 10860 --- [restartedMain] o.s.w.s.h.BeanNameUrlHandlerMapping      : Rejected bean name 'servletExposeExcludePropertyEndpointFilter': no URL paths identified
2023-08-01 08:26:53.722 DEBUG 10860 --- [restartedMain] o.s.w.s.h.BeanNameUrlHandlerMapping      : Rejected bean name 'org.springframework.boot.actuate.autoconfigure.endpoint.web.servlet.WebMvcEndpointManagementContextConfiguration': no URL paths identified
2023-08-01 08:26:53.722 DEBUG 10860 --- [restartedMain] o.s.w.s.h.BeanNameUrlHandlerMapping      : Rejected bean name 'webEndpointServletHandlerMapping': no URL paths identified
2023-08-01 08:26:53.722 DEBUG 10860 --- [restartedMain] o.s.w.s.h.BeanNameUrlHandlerMapping      : Rejected bean name 'controllerEndpointHandlerMapping': no URL paths identified
2023-08-01 08:26:53.722 DEBUG 10860 --- [restartedMain] o.s.w.s.h.BeanNameUrlHandlerMapping      : Rejected bean name 'management.endpoints.web.cors-org.springframework.boot.actuate.autoconfigure.endpoint.web.CorsEndpointProperties': no URL paths identified
2023-08-01 08:26:53.722 DEBUG 10860 --- [restartedMain] o.s.w.s.h.BeanNameUrlHandlerMapping      : Rejected bean name 'org.springframework.boot.actuate.autoconfigure.web.server.ManagementContextAutoConfiguration$SameManagementContextConfiguration$EnableSameManagementContextConfiguration': no URL paths identified
2023-08-01 08:26:53.722 DEBUG 10860 --- [restartedMain] o.s.w.s.h.BeanNameUrlHandlerMapping      : Rejected bean name 'org.springframework.boot.actuate.autoconfigure.web.server.ManagementContextAutoConfiguration$SameManagementContextConfiguration': no URL paths identified
2023-08-01 08:26:53.722 DEBUG 10860 --- [restartedMain] o.s.w.s.h.BeanNameUrlHandlerMapping      : Rejected bean name 'org.springframework.boot.actuate.autoconfigure.web.server.ManagementContextAutoConfiguration': no URL paths identified
2023-08-01 08:26:53.722 DEBUG 10860 --- [restartedMain] o.s.w.s.h.BeanNameUrlHandlerMapping      : Rejected bean name 'management.server-org.springframework.boot.actuate.autoconfigure.web.server.ManagementServerProperties': no URL paths identified
2023-08-01 08:26:53.722 DEBUG 10860 --- [restartedMain] o.s.w.s.h.BeanNameUrlHandlerMapping      : Rejected bean name 'autoConfigurationReport': no URL paths identified
2023-08-01 08:26:53.722 DEBUG 10860 --- [restartedMain] o.s.w.s.h.BeanNameUrlHandlerMapping      : Rejected bean name 'org.springframework.boot.context.ContextIdApplicationContextInitializer$ContextId': no URL paths identified
2023-08-01 08:26:53.722 DEBUG 10860 --- [restartedMain] o.s.w.s.h.BeanNameUrlHandlerMapping      : Rejected bean name 'springApplicationArguments': no URL paths identified
2023-08-01 08:26:53.722 DEBUG 10860 --- [restartedMain] o.s.w.s.h.BeanNameUrlHandlerMapping      : Rejected bean name 'springBootBanner': no URL paths identified
2023-08-01 08:26:53.722 DEBUG 10860 --- [restartedMain] o.s.w.s.h.BeanNameUrlHandlerMapping      : Rejected bean name 'springBootLoggingSystem': no URL paths identified
2023-08-01 08:26:53.722 DEBUG 10860 --- [restartedMain] o.s.w.s.h.BeanNameUrlHandlerMapping      : Rejected bean name 'environment': no URL paths identified
2023-08-01 08:26:53.722 DEBUG 10860 --- [restartedMain] o.s.w.s.h.BeanNameUrlHandlerMapping      : Rejected bean name 'systemProperties': no URL paths identified
2023-08-01 08:26:53.722 DEBUG 10860 --- [restartedMain] o.s.w.s.h.BeanNameUrlHandlerMapping      : Rejected bean name 'systemEnvironment': no URL paths identified
2023-08-01 08:26:53.722 DEBUG 10860 --- [restartedMain] o.s.w.s.h.BeanNameUrlHandlerMapping      : Rejected bean name 'org.springframework.context.annotation.ConfigurationClassPostProcessor.importRegistry': no URL paths identified
2023-08-01 08:26:53.722 DEBUG 10860 --- [restartedMain] o.s.w.s.h.BeanNameUrlHandlerMapping      : Rejected bean name 'messageSource': no URL paths identified
2023-08-01 08:26:53.722 DEBUG 10860 --- [restartedMain] o.s.w.s.h.BeanNameUrlHandlerMapping      : Rejected bean name 'applicationEventMulticaster': no URL paths identified
2023-08-01 08:26:53.722 DEBUG 10860 --- [restartedMain] o.s.w.s.h.BeanNameUrlHandlerMapping      : Rejected bean name 'servletContext': no URL paths identified
2023-08-01 08:26:53.722 DEBUG 10860 --- [restartedMain] o.s.w.s.h.BeanNameUrlHandlerMapping      : Rejected bean name 'contextParameters': no URL paths identified
2023-08-01 08:26:53.722 DEBUG 10860 --- [restartedMain] o.s.w.s.h.BeanNameUrlHandlerMapping      : Rejected bean name 'contextAttributes': no URL paths identified
2023-08-01 08:26:53.735  INFO 10860 --- [restartedMain] o.s.w.s.handler.SimpleUrlHandlerMapping  : Mapped URL path [/webjars/**] onto handler of type [class org.springframework.web.servlet.resource.ResourceHttpRequestHandler]
2023-08-01 08:26:53.735  INFO 10860 --- [restartedMain] o.s.w.s.handler.SimpleUrlHandlerMapping  : Mapped URL path [/**] onto handler of type [class org.springframework.web.servlet.resource.ResourceHttpRequestHandler]
2023-08-01 08:26:53.744 DEBUG 10860 --- [restartedMain] .m.m.a.ExceptionHandlerExceptionResolver : Looking for exception mappings: org.springframework.boot.web.servlet.context.AnnotationConfigServletWebServerApplicationContext@fd45c0: startup date [Tue Aug 01 08:26:50 TRT 2023]; root of context hierarchy
2023-08-01 08:26:53.769  INFO 10860 --- [restartedMain] o.s.w.s.handler.SimpleUrlHandlerMapping  : Mapped URL path [/**/favicon.ico] onto handler of type [class org.springframework.web.servlet.resource.ResourceHttpRequestHandler]
2023-08-01 08:26:53.995  INFO 10860 --- [restartedMain] o.s.b.d.a.OptionalLiveReloadServer       : LiveReload server is running on port 35729
2023-08-01 08:26:54.016  INFO 10860 --- [restartedMain] s.b.a.e.w.s.WebMvcEndpointHandlerMapping : Mapped "{[/actuator/auditevents],methods=[GET],produces=[application/vnd.spring-boot.actuator.v2+json || application/json]}" onto public java.lang.Object org.springframework.boot.actuate.endpoint.web.servlet.AbstractWebMvcEndpointHandlerMapping$OperationHandler.handle(javax.servlet.http.HttpServletRequest,java.util.Map<java.lang.String, java.lang.String>)
2023-08-01 08:26:54.016  INFO 10860 --- [restartedMain] s.b.a.e.w.s.WebMvcEndpointHandlerMapping : Mapped "{[/actuator/beans],methods=[GET],produces=[application/vnd.spring-boot.actuator.v2+json || application/json]}" onto public java.lang.Object org.springframework.boot.actuate.endpoint.web.servlet.AbstractWebMvcEndpointHandlerMapping$OperationHandler.handle(javax.servlet.http.HttpServletRequest,java.util.Map<java.lang.String, java.lang.String>)
2023-08-01 08:26:54.017  INFO 10860 --- [restartedMain] s.b.a.e.w.s.WebMvcEndpointHandlerMapping : Mapped "{[/actuator/health],methods=[GET],produces=[application/vnd.spring-boot.actuator.v2+json || application/json]}" onto public java.lang.Object org.springframework.boot.actuate.endpoint.web.servlet.AbstractWebMvcEndpointHandlerMapping$OperationHandler.handle(javax.servlet.http.HttpServletRequest,java.util.Map<java.lang.String, java.lang.String>)
2023-08-01 08:26:54.017  INFO 10860 --- [restartedMain] s.b.a.e.w.s.WebMvcEndpointHandlerMapping : Mapped "{[/actuator/conditions],methods=[GET],produces=[application/vnd.spring-boot.actuator.v2+json || application/json]}" onto public java.lang.Object org.springframework.boot.actuate.endpoint.web.servlet.AbstractWebMvcEndpointHandlerMapping$OperationHandler.handle(javax.servlet.http.HttpServletRequest,java.util.Map<java.lang.String, java.lang.String>)
2023-08-01 08:26:54.017  INFO 10860 --- [restartedMain] s.b.a.e.w.s.WebMvcEndpointHandlerMapping : Mapped "{[/actuator/shutdown],methods=[POST],produces=[application/vnd.spring-boot.actuator.v2+json || application/json]}" onto public java.lang.Object org.springframework.boot.actuate.endpoint.web.servlet.AbstractWebMvcEndpointHandlerMapping$OperationHandler.handle(javax.servlet.http.HttpServletRequest,java.util.Map<java.lang.String, java.lang.String>)
2023-08-01 08:26:54.018  INFO 10860 --- [restartedMain] s.b.a.e.w.s.WebMvcEndpointHandlerMapping : Mapped "{[/actuator/configprops],methods=[GET],produces=[application/vnd.spring-boot.actuator.v2+json || application/json]}" onto public java.lang.Object org.springframework.boot.actuate.endpoint.web.servlet.AbstractWebMvcEndpointHandlerMapping$OperationHandler.handle(javax.servlet.http.HttpServletRequest,java.util.Map<java.lang.String, java.lang.String>)
2023-08-01 08:26:54.018  INFO 10860 --- [restartedMain] s.b.a.e.w.s.WebMvcEndpointHandlerMapping : Mapped "{[/actuator/env],methods=[GET],produces=[application/vnd.spring-boot.actuator.v2+json || application/json]}" onto public java.lang.Object org.springframework.boot.actuate.endpoint.web.servlet.AbstractWebMvcEndpointHandlerMapping$OperationHandler.handle(javax.servlet.http.HttpServletRequest,java.util.Map<java.lang.String, java.lang.String>)
2023-08-01 08:26:54.018  INFO 10860 --- [restartedMain] s.b.a.e.w.s.WebMvcEndpointHandlerMapping : Mapped "{[/actuator/env/{toMatch}],methods=[GET],produces=[application/vnd.spring-boot.actuator.v2+json || application/json]}" onto public java.lang.Object org.springframework.boot.actuate.endpoint.web.servlet.AbstractWebMvcEndpointHandlerMapping$OperationHandler.handle(javax.servlet.http.HttpServletRequest,java.util.Map<java.lang.String, java.lang.String>)
2023-08-01 08:26:54.018  INFO 10860 --- [restartedMain] s.b.a.e.w.s.WebMvcEndpointHandlerMapping : Mapped "{[/actuator/info],methods=[GET],produces=[application/vnd.spring-boot.actuator.v2+json || application/json]}" onto public java.lang.Object org.springframework.boot.actuate.endpoint.web.servlet.AbstractWebMvcEndpointHandlerMapping$OperationHandler.handle(javax.servlet.http.HttpServletRequest,java.util.Map<java.lang.String, java.lang.String>)
2023-08-01 08:26:54.019  INFO 10860 --- [restartedMain] s.b.a.e.w.s.WebMvcEndpointHandlerMapping : Mapped "{[/actuator/logfile],methods=[GET],produces=[application/octet-stream]}" onto public java.lang.Object org.springframework.boot.actuate.endpoint.web.servlet.AbstractWebMvcEndpointHandlerMapping$OperationHandler.handle(javax.servlet.http.HttpServletRequest,java.util.Map<java.lang.String, java.lang.String>)
2023-08-01 08:26:54.019  INFO 10860 --- [restartedMain] s.b.a.e.w.s.WebMvcEndpointHandlerMapping : Mapped "{[/actuator/loggers],methods=[GET],produces=[application/vnd.spring-boot.actuator.v2+json || application/json]}" onto public java.lang.Object org.springframework.boot.actuate.endpoint.web.servlet.AbstractWebMvcEndpointHandlerMapping$OperationHandler.handle(javax.servlet.http.HttpServletRequest,java.util.Map<java.lang.String, java.lang.String>)
2023-08-01 08:26:54.019  INFO 10860 --- [restartedMain] s.b.a.e.w.s.WebMvcEndpointHandlerMapping : Mapped "{[/actuator/loggers/{name}],methods=[GET],produces=[application/vnd.spring-boot.actuator.v2+json || application/json]}" onto public java.lang.Object org.springframework.boot.actuate.endpoint.web.servlet.AbstractWebMvcEndpointHandlerMapping$OperationHandler.handle(javax.servlet.http.HttpServletRequest,java.util.Map<java.lang.String, java.lang.String>)
2023-08-01 08:26:54.020  INFO 10860 --- [restartedMain] s.b.a.e.w.s.WebMvcEndpointHandlerMapping : Mapped "{[/actuator/loggers/{name}],methods=[POST],consumes=[application/vnd.spring-boot.actuator.v2+json || application/json]}" onto public java.lang.Object org.springframework.boot.actuate.endpoint.web.servlet.AbstractWebMvcEndpointHandlerMapping$OperationHandler.handle(javax.servlet.http.HttpServletRequest,java.util.Map<java.lang.String, java.lang.String>)
2023-08-01 08:26:54.020  INFO 10860 --- [restartedMain] s.b.a.e.w.s.WebMvcEndpointHandlerMapping : Mapped "{[/actuator/heapdump],methods=[GET],produces=[application/octet-stream]}" onto public java.lang.Object org.springframework.boot.actuate.endpoint.web.servlet.AbstractWebMvcEndpointHandlerMapping$OperationHandler.handle(javax.servlet.http.HttpServletRequest,java.util.Map<java.lang.String, java.lang.String>)
2023-08-01 08:26:54.020  INFO 10860 --- [restartedMain] s.b.a.e.w.s.WebMvcEndpointHandlerMapping : Mapped "{[/actuator/threaddump],methods=[GET],produces=[application/vnd.spring-boot.actuator.v2+json || application/json]}" onto public java.lang.Object org.springframework.boot.actuate.endpoint.web.servlet.AbstractWebMvcEndpointHandlerMapping$OperationHandler.handle(javax.servlet.http.HttpServletRequest,java.util.Map<java.lang.String, java.lang.String>)
2023-08-01 08:26:54.020  INFO 10860 --- [restartedMain] s.b.a.e.w.s.WebMvcEndpointHandlerMapping : Mapped "{[/actuator/metrics/{requiredMetricName}],methods=[GET],produces=[application/vnd.spring-boot.actuator.v2+json || application/json]}" onto public java.lang.Object org.springframework.boot.actuate.endpoint.web.servlet.AbstractWebMvcEndpointHandlerMapping$OperationHandler.handle(javax.servlet.http.HttpServletRequest,java.util.Map<java.lang.String, java.lang.String>)
2023-08-01 08:26:54.020  INFO 10860 --- [restartedMain] s.b.a.e.w.s.WebMvcEndpointHandlerMapping : Mapped "{[/actuator/metrics],methods=[GET],produces=[application/vnd.spring-boot.actuator.v2+json || application/json]}" onto public java.lang.Object org.springframework.boot.actuate.endpoint.web.servlet.AbstractWebMvcEndpointHandlerMapping$OperationHandler.handle(javax.servlet.http.HttpServletRequest,java.util.Map<java.lang.String, java.lang.String>)
2023-08-01 08:26:54.020  INFO 10860 --- [restartedMain] s.b.a.e.w.s.WebMvcEndpointHandlerMapping : Mapped "{[/actuator/scheduledtasks],methods=[GET],produces=[application/vnd.spring-boot.actuator.v2+json || application/json]}" onto public java.lang.Object org.springframework.boot.actuate.endpoint.web.servlet.AbstractWebMvcEndpointHandlerMapping$OperationHandler.handle(javax.servlet.http.HttpServletRequest,java.util.Map<java.lang.String, java.lang.String>)
2023-08-01 08:26:54.020  INFO 10860 --- [restartedMain] s.b.a.e.w.s.WebMvcEndpointHandlerMapping : Mapped "{[/actuator/httptrace],methods=[GET],produces=[application/vnd.spring-boot.actuator.v2+json || application/json]}" onto public java.lang.Object org.springframework.boot.actuate.endpoint.web.servlet.AbstractWebMvcEndpointHandlerMapping$OperationHandler.handle(javax.servlet.http.HttpServletRequest,java.util.Map<java.lang.String, java.lang.String>)
2023-08-01 08:26:54.021  INFO 10860 --- [restartedMain] s.b.a.e.w.s.WebMvcEndpointHandlerMapping : Mapped "{[/actuator/mappings],methods=[GET],produces=[application/vnd.spring-boot.actuator.v2+json || application/json]}" onto public java.lang.Object org.springframework.boot.actuate.endpoint.web.servlet.AbstractWebMvcEndpointHandlerMapping$OperationHandler.handle(javax.servlet.http.HttpServletRequest,java.util.Map<java.lang.String, java.lang.String>)
2023-08-01 08:26:54.021  INFO 10860 --- [restartedMain] s.b.a.e.w.s.WebMvcEndpointHandlerMapping : Mapped "{[/actuator],methods=[GET],produces=[application/vnd.spring-boot.actuator.v2+json || application/json]}" onto protected java.util.Map<java.lang.String, java.util.Map<java.lang.String, org.springframework.boot.actuate.endpoint.web.Link>> org.springframework.boot.actuate.endpoint.web.servlet.WebMvcEndpointHandlerMapping.links(javax.servlet.http.HttpServletRequest,javax.servlet.http.HttpServletResponse)
2023-08-01 08:26:54.102  INFO 10860 --- [restartedMain] o.s.j.e.a.AnnotationMBeanExporter        : Registering beans for JMX exposure on startup
2023-08-01 08:26:54.108 DEBUG 10860 --- [restartedMain] o.s.w.c.s.StandardServletEnvironment     : Adding PropertySource 'Management Server' with lowest search precedence
2023-08-01 08:26:54.119 DEBUG 10860 --- [restartedMain] o.s.w.s.resource.ResourceUrlProvider     : Looking for resource handler mappings
2023-08-01 08:26:54.119 DEBUG 10860 --- [restartedMain] o.s.w.s.resource.ResourceUrlProvider     : Found resource handler mapping: URL pattern="/**/favicon.ico", locations=[class path resource [META-INF/resources/], class path resource [resources/], class path resource [static/], class path resource [public/], ServletContext resource [/], class path resource []], resolvers=[org.springframework.web.servlet.resource.PathResourceResolver@5b4181d4]
2023-08-01 08:26:54.119 DEBUG 10860 --- [restartedMain] o.s.w.s.resource.ResourceUrlProvider     : Found resource handler mapping: URL pattern="/webjars/**", locations=[class path resource [META-INF/resources/webjars/]], resolvers=[org.springframework.web.servlet.resource.PathResourceResolver@5d584e6a]
2023-08-01 08:26:54.120 DEBUG 10860 --- [restartedMain] o.s.w.s.resource.ResourceUrlProvider     : Found resource handler mapping: URL pattern="/**", locations=[class path resource [META-INF/resources/], class path resource [resources/], class path resource [static/], class path resource [public/], ServletContext resource [/]], resolvers=[org.springframework.web.servlet.resource.PathResourceResolver@92e9b9]
2023-08-01 08:26:54.203  INFO 10860 --- [restartedMain] o.s.b.w.embedded.tomcat.TomcatWebServer  : Tomcat started on port(s): 8080 (http) with context path ''
2023-08-01 08:26:54.204 DEBUG 10860 --- [restartedMain] o.s.w.c.s.StandardServletEnvironment     : Adding PropertySource 'server.ports' with highest search precedence
2023-08-01 08:26:54.207  INFO 10860 --- [restartedMain] c.anily.petclinic.PetClinicApplication   : Started PetClinicApplication in 3.77 seconds (JVM running for 4.727)
2023-08-01 08:26:54.399 DEBUG 10860 --- [RMI TCP Connection(3)-127.0.0.1] o.s.web.servlet.DispatcherServlet        : Initializing servlet 'dispatcherServlet'
2023-08-01 08:26:54.400  INFO 10860 --- [RMI TCP Connection(3)-127.0.0.1] o.a.c.c.C.[Tomcat].[localhost].[/]       : Initializing Spring FrameworkServlet 'dispatcherServlet'
2023-08-01 08:26:54.400  INFO 10860 --- [RMI TCP Connection(3)-127.0.0.1] o.s.web.servlet.DispatcherServlet        : FrameworkServlet 'dispatcherServlet': initialization started
2023-08-01 08:26:54.400 DEBUG 10860 --- [RMI TCP Connection(3)-127.0.0.1] o.s.web.servlet.DispatcherServlet        : Using MultipartResolver [org.springframework.web.multipart.support.StandardServletMultipartResolver@7f499a4d]
2023-08-01 08:26:54.403 DEBUG 10860 --- [RMI TCP Connection(3)-127.0.0.1] o.s.web.servlet.DispatcherServlet        : Unable to locate LocaleResolver with name 'localeResolver': using default [org.springframework.web.servlet.i18n.AcceptHeaderLocaleResolver@3da40c12]
2023-08-01 08:26:54.406 DEBUG 10860 --- [RMI TCP Connection(3)-127.0.0.1] o.s.web.servlet.DispatcherServlet        : Unable to locate ThemeResolver with name 'themeResolver': using default [org.springframework.web.servlet.theme.FixedThemeResolver@3c74040e]
2023-08-01 08:26:54.409 DEBUG 10860 --- [RMI TCP Connection(3)-127.0.0.1] o.s.web.servlet.DispatcherServlet        : Unable to locate RequestToViewNameTranslator with name 'viewNameTranslator': using default [org.springframework.web.servlet.view.DefaultRequestToViewNameTranslator@4361e110]
2023-08-01 08:26:54.413 DEBUG 10860 --- [RMI TCP Connection(3)-127.0.0.1] o.s.web.servlet.DispatcherServlet        : Unable to locate FlashMapManager with name 'flashMapManager': using default [org.springframework.web.servlet.support.SessionFlashMapManager@cce5e54]
2023-08-01 08:26:54.413 DEBUG 10860 --- [RMI TCP Connection(3)-127.0.0.1] o.s.web.servlet.DispatcherServlet        : Published WebApplicationContext of servlet 'dispatcherServlet' as ServletContext attribute with name [org.springframework.web.servlet.FrameworkServlet.CONTEXT.dispatcherServlet]
2023-08-01 08:26:54.413  INFO 10860 --- [RMI TCP Connection(3)-127.0.0.1] o.s.web.servlet.DispatcherServlet        : FrameworkServlet 'dispatcherServlet': initialization completed in 13 ms
2023-08-01 08:26:54.413 DEBUG 10860 --- [RMI TCP Connection(3)-127.0.0.1] o.s.web.servlet.DispatcherServlet        : Servlet 'dispatcherServlet' configured successfully
2023-08-01 08:27:00.201 DEBUG 10860 --- [http-nio-8080-exec-1] o.s.web.servlet.DispatcherServlet        : DispatcherServlet with name 'dispatcherServlet' processing GET request for [/actuator/health]
2023-08-01 08:27:00.204 DEBUG 10860 --- [http-nio-8080-exec-1] o.s.web.servlet.DispatcherServlet        : Last-Modified value for [/actuator/health] is: -1
2023-08-01 08:27:00.259 DEBUG 10860 --- [http-nio-8080-exec-1] o.s.w.s.m.m.a.HttpEntityMethodProcessor  : Written [UP {}] as "application/vnd.spring-boot.actuator.v2+json" using [org.springframework.http.converter.json.MappingJackson2HttpMessageConverter@62278870]
2023-08-01 08:27:00.259 DEBUG 10860 --- [http-nio-8080-exec-1] o.s.web.servlet.DispatcherServlet        : Null ModelAndView returned to DispatcherServlet with name 'dispatcherServlet': assuming HandlerAdapter completed request handling
2023-08-01 08:27:00.259 DEBUG 10860 --- [http-nio-8080-exec-1] o.s.web.servlet.DispatcherServlet        : Successfully completed request
2023-08-01 08:27:35.094  INFO 10860 --- [RMI TCP Connection(5)-127.0.0.1] inMXBeanRegistrar$SpringApplicationAdmin : Application shutdown requested.
2023-08-01 08:27:35.094  INFO 10860 --- [RMI TCP Connection(5)-127.0.0.1] ConfigServletWebServerApplicationContext : Closing org.springframework.boot.web.servlet.context.AnnotationConfigServletWebServerApplicationContext@fd45c0: startup date [Tue Aug 01 08:26:50 TRT 2023]; root of context hierarchy
2023-08-01 08:27:35.097  INFO 10860 --- [RMI TCP Connection(5)-127.0.0.1] o.s.j.e.a.AnnotationMBeanExporter        : Unregistering JMX-exposed beans on shutdown
